Using pre-set license
Built from '2021.3/staging' branch; Version is '2021.3.20f1 (577897200b8b) revision 5732503'; Using compiler version '192829333'; Build Type 'Release'
OS: 'Windows 10  (10.0.19045) 64bit Professional' Language: 'ko' Physical Memory: 16033 MB
BatchMode: 1, IsHumanControllingUs: 0, StartBugReporterOnCrash: 0, Is64bit: 1, IsPro: 1

COMMAND LINE ARGUMENTS:
C:\Program Files\Unity\Hub\Editor\2021.3.20f1\Editor\Unity.exe
-adb2
-batchMode
-noUpm
-name
AssetImportWorker0
-projectPath
C:/Users/user/Assignment 4
-logFile
Logs/AssetImportWorker0.log
-srvPort
58694
Successfully changed project path to: C:/Users/user/Assignment 4
C:/Users/user/Assignment 4
[UnityMemory] Configuration Parameters - Can be set up in boot.config
    "memorysetup-bucket-allocator-granularity=16"
    "memorysetup-bucket-allocator-bucket-count=8"
    "memorysetup-bucket-allocator-block-size=33554432"
    "memorysetup-bucket-allocator-block-count=8"
    "memorysetup-main-allocator-block-size=16777216"
    "memorysetup-thread-allocator-block-size=16777216"
    "memorysetup-gfx-main-allocator-block-size=16777216"
    "memorysetup-gfx-thread-allocator-block-size=16777216"
    "memorysetup-cache-allocator-block-size=4194304"
    "memorysetup-typetree-allocator-block-size=2097152"
    "memorysetup-profiler-bucket-allocator-granularity=16"
    "memorysetup-profiler-bucket-allocator-bucket-count=8"
    "memorysetup-profiler-bucket-allocator-block-size=33554432"
    "memorysetup-profiler-bucket-allocator-block-count=8"
    "memorysetup-profiler-allocator-block-size=16777216"
    "memorysetup-profiler-editor-allocator-block-size=1048576"
    "memorysetup-temp-allocator-size-main=16777216"
    "memorysetup-job-temp-allocator-block-size=2097152"
    "memorysetup-job-temp-allocator-block-size-background=1048576"
    "memorysetup-job-temp-allocator-reduction-small-platforms=262144"
    "memorysetup-temp-allocator-size-background-worker=32768"
    "memorysetup-temp-allocator-size-job-worker=262144"
    "memorysetup-temp-allocator-size-preload-manager=33554432"
    "memorysetup-temp-allocator-size-nav-mesh-worker=65536"
    "memorysetup-temp-allocator-size-audio-worker=65536"
    "memorysetup-temp-allocator-size-cloud-worker=32768"
    "memorysetup-temp-allocator-size-gi-baking-worker=262144"
    "memorysetup-temp-allocator-size-gfx=262144"
Player connection [2300] Host "[IP] 192.168.0.143 [Port] 0 [Flags] 2 [Guid] 4021212538 [EditorId] 4021212538 [Version] 1048832 [Id] WindowsEditor(7,DESKTOP-1U8QCT6) [Debug] 1 [PackageName] WindowsEditor [ProjectName] Editor" joined multi-casting on [225.0.0.222:54997]...

Player connection [2300] Host "[IP] 192.168.0.143 [Port] 0 [Flags] 2 [Guid] 4021212538 [EditorId] 4021212538 [Version] 1048832 [Id] WindowsEditor(7,DESKTOP-1U8QCT6) [Debug] 1 [PackageName] WindowsEditor [ProjectName] Editor" joined alternative multi-casting on [225.0.0.222:34997]...

Refreshing native plugins compatible for Editor in 94.34 ms, found 4 plugins.
Preloading 0 native plugins for Editor in 0.00 ms.
Initialize engine version: 2021.3.20f1 (577897200b8b)
[Subsystems] Discovering subsystems at path C:/Program Files/Unity/Hub/Editor/2021.3.20f1/Editor/Data/Resources/UnitySubsystems
[Subsystems] Discovering subsystems at path C:/Users/user/Assignment 4/Assets
GfxDevice: creating device client; threaded=0; jobified=0
Direct3D:
    Version:  Direct3D 11.0 [level 11.1]
    Renderer: Intel(R) UHD Graphics 630 (ID=0x3e92)
    Vendor:   Intel
    VRAM:     8016 MB
    Driver:   31.0.101.2111
Initialize mono
Mono path[0] = 'C:/Program Files/Unity/Hub/Editor/2021.3.20f1/Editor/Data/Managed'
Mono path[1] = 'C:/Program Files/Unity/Hub/Editor/2021.3.20f1/Editor/Data/MonoBleedingEdge/lib/mono/unityjit-win32'
Mono config path = 'C:/Program Files/Unity/Hub/Editor/2021.3.20f1/Editor/Data/MonoBleedingEdge/etc'
Using monoOptions --debugger-agent=transport=dt_socket,embedding=1,server=y,suspend=n,address=127.0.0.1:56428
Begin MonoManager ReloadAssembly
Registering precompiled unity dll's ...
Register platform support module: C:/Program Files/Unity/Hub/Editor/2021.3.20f1/Editor/Data/PlaybackEngines/WebGLSupport/UnityEditor.WebGL.Extensions.dll
Register platform support module: C:/Program Files/Unity/Hub/Editor/2021.3.20f1/Editor/Data/PlaybackEngines/WindowsStandaloneSupport/UnityEditor.WindowsStandalone.Extensions.dll
Registered in 0.008047 seconds.
Native extension for WindowsStandalone target not found
Native extension for WebGL target not found
Refreshing native plugins compatible for Editor in 81.41 ms, found 4 plugins.
Preloading 0 native plugins for Editor in 0.00 ms.
Mono: successfully reloaded assembly
- Completed reload, in  0.582 seconds
Domain Reload Profiling:
	ReloadAssembly (582ms)
		BeginReloadAssembly (80ms)
			ExecutionOrderSort (0ms)
			DisableScriptedObjects (0ms)
			BackupInstance (0ms)
			ReleaseScriptingObjects (0ms)
			CreateAndSetChildDomain (1ms)
		EndReloadAssembly (410ms)
			LoadAssemblies (78ms)
			RebuildTransferFunctionScriptingTraits (0ms)
			SetupTypeCache (97ms)
			ReleaseScriptCaches (0ms)
			RebuildScriptCaches (31ms)
			SetupLoadedEditorAssemblies (237ms)
				LogAssemblyErrors (0ms)
				InitializePlatformSupportModulesInManaged (8ms)
				SetLoadedEditorAssemblies (0ms)
				RefreshPlugins (81ms)
				BeforeProcessingInitializeOnLoad (1ms)
				ProcessInitializeOnLoadAttributes (105ms)
				ProcessInitializeOnLoadMethodAttributes (41ms)
				AfterProcessingInitializeOnLoad (0ms)
				EditorAssembliesLoaded (0ms)
			ExecutionOrderSort2 (0ms)
			AwakeInstancesAfterBackupRestoration (0ms)
Platform modules already initialized, skipping
Registering precompiled user dll's ...
Registered in 0.005201 seconds.
Begin MonoManager ReloadAssembly
Symbol file LoadedFromMemory doesn't match image C:\Users\user\Assignment 4\Library\PackageCache\com.unity.visualscripting@1.8.0\Editor\VisualScripting.Core\Dependencies\YamlDotNet\Unity.VisualScripting.YamlDotNet.dll
Symbol file LoadedFromMemory doesn't match image C:\Users\user\Assignment 4\Library\PackageCache\com.unity.visualscripting@1.8.0\Editor\VisualScripting.Core\Dependencies\DotNetZip\Unity.VisualScripting.IonicZip.dll
Native extension for WindowsStandalone target not found
Native extension for WebGL target not found
Refreshing native plugins compatible for Editor in 0.50 ms, found 4 plugins.
Preloading 0 native plugins for Editor in 0.00 ms.
Mono: successfully reloaded assembly
- Completed reload, in  0.959 seconds
Domain Reload Profiling:
	ReloadAssembly (960ms)
		BeginReloadAssembly (114ms)
			ExecutionOrderSort (0ms)
			DisableScriptedObjects (5ms)
			BackupInstance (0ms)
			ReleaseScriptingObjects (0ms)
			CreateAndSetChildDomain (19ms)
		EndReloadAssembly (742ms)
			LoadAssemblies (96ms)
			RebuildTransferFunctionScriptingTraits (0ms)
			SetupTypeCache (256ms)
			ReleaseScriptCaches (1ms)
			RebuildScriptCaches (46ms)
			SetupLoadedEditorAssemblies (324ms)
				LogAssemblyErrors (0ms)
				InitializePlatformSupportModulesInManaged (6ms)
				SetLoadedEditorAssemblies (0ms)
				RefreshPlugins (1ms)
				BeforeProcessingInitializeOnLoad (90ms)
				ProcessInitializeOnLoadAttributes (203ms)
				ProcessInitializeOnLoadMethodAttributes (16ms)
				AfterProcessingInitializeOnLoad (8ms)
				EditorAssembliesLoaded (0ms)
			ExecutionOrderSort2 (0ms)
			AwakeInstancesAfterBackupRestoration (6ms)
Platform modules already initialized, skipping
========================================================================
Worker process is ready to serve import requests
Launched and connected shader compiler UnityShaderCompiler.exe after 0.04 seconds
Refreshing native plugins compatible for Editor in 0.63 ms, found 4 plugins.
Preloading 0 native plugins for Editor in 0.00 ms.
Unloading 3652 Unused Serialized files (Serialized files now loaded: 0)
Unloading 27 unused Assets / (150.7 KB). Loaded Objects now: 4111.
Memory consumption went from 132.9 MB to 132.8 MB.
Total: 2.977400 ms (FindLiveObjects: 0.291500 ms CreateObjectMapping: 0.238800 ms MarkObjects: 2.232900 ms  DeleteObjects: 0.213200 ms)

AssetImportParameters requested are different than current active one (requested -> active):
  custom:video-decoder-ogg-theora: a1e56fd34408186e4bbccfd4996cb3dc -> 
  custom:container-muxer-webm: aa71ff27fc2769a1b78a27578f13a17b -> 
  custom:container-demuxer-webm: 4f35f7cbe854078d1ac9338744f61a02 -> 
  custom:video-encoder-webm-vp8: eb34c28f22e8b96e1ab97ce403110664 -> 
  custom:audio-encoder-webm-vorbis: bf7c407c2cedff20999df2af8eb42d56 -> 
  custom:framework-win-MediaFoundation: 216162199b28c13a410421893ffa2e32 -> 
  custom:container-demuxer-ogg: 62fdf1f143b41e24485cea50d1cbac27 -> 
  custom:video-decoder-webm-vp8: 9c59270c3fd7afecdb556c50c9e8de78 -> 
  custom:audio-decoder-ogg-vorbis: bf7c407c2cedff20999df2af8eb42d56 -> 
========================================================================
Received Import Request.
  Time since last request: 524367.271836 seconds.
  path: Assets/LowlyPoly/Stylized Grass Texture/Textures/Vol_42_1_Ambient_Occlusion.png
  artifactKey: Guid(33ba5140ff8350742a9be1b79eeefd82) Importer(815301076,1909f56bfc062723c751e8b465ee728b)
Start importing Assets/LowlyPoly/Stylized Grass Texture/Textures/Vol_42_1_Ambient_Occlusion.png using Guid(33ba5140ff8350742a9be1b79eeefd82) Importer(815301076,1909f56bfc062723c751e8b465ee728b)  -> (artifact id: '514059cf90e8d8e6b7c5a9d1452e8429') in 0.105897 seconds 
========================================================================
Received Import Request.
  Time since last request: 0.000016 seconds.
  path: Assets/LowlyPoly/Stylized Grass Texture/Textures/Vol_42_1_Base_Color.png
  artifactKey: Guid(b900361e13e6eaa44963cb851faf3ed3) Importer(815301076,1909f56bfc062723c751e8b465ee728b)
Start importing Assets/LowlyPoly/Stylized Grass Texture/Textures/Vol_42_1_Base_Color.png using Guid(b900361e13e6eaa44963cb851faf3ed3) Importer(815301076,1909f56bfc062723c751e8b465ee728b)  -> (artifact id: 'a9e5285b51158d22952d4b9b44eaf4ec') in 0.029381 seconds 
========================================================================
Received Import Request.
  Time since last request: 0.000021 seconds.
  path: Assets/LowlyPoly/Stylized Grass Texture/Textures/Vol_42_1_Normal.png
  artifactKey: Guid(9e91cd5bde426714d9f0ef165f143d7c) Importer(815301076,1909f56bfc062723c751e8b465ee728b)
Start importing Assets/LowlyPoly/Stylized Grass Texture/Textures/Vol_42_1_Normal.png using Guid(9e91cd5bde426714d9f0ef165f143d7c) Importer(815301076,1909f56bfc062723c751e8b465ee728b)  -> (artifact id: '4262b8531e34a2400a9338700fc30924') in 0.121544 seconds 
========================================================================
Received Import Request.
  Time since last request: 6211.927695 seconds.
  path: Assets/LowlyPoly/Stylized Grass Texture/Materials/Stylize_Grass_diffuse.mat
  artifactKey: Guid(516e6f11e8de6624eb6be4bac8c14555) Importer(815301076,1909f56bfc062723c751e8b465ee728b)
Start importing Assets/LowlyPoly/Stylized Grass Texture/Materials/Stylize_Grass_diffuse.mat using Guid(516e6f11e8de6624eb6be4bac8c14555) Importer(815301076,1909f56bfc062723c751e8b465ee728b)  -> (artifact id: '7e1b2c3f92fb30aae58fde14ef06ba6e') in 0.387010 seconds 
========================================================================
Received Import Request.
  Time since last request: 0.000030 seconds.
  path: Assets/LowlyPoly/Stylized Grass Texture/Materials/Vol_42_1_Base_Color.mat
  artifactKey: Guid(57c2e6e56b407bb46a92ac8dc74befd7) Importer(815301076,1909f56bfc062723c751e8b465ee728b)
Start importing Assets/LowlyPoly/Stylized Grass Texture/Materials/Vol_42_1_Base_Color.mat using Guid(57c2e6e56b407bb46a92ac8dc74befd7) Importer(815301076,1909f56bfc062723c751e8b465ee728b)  -> (artifact id: 'b07a3ce4da810894fba5b40ef35af093') in 0.065389 seconds 
========================================================================
Received Import Request.
  Time since last request: 0.000047 seconds.
  path: Assets/LowlyPoly/Stylized Grass Texture/Materials/Vol_42_1_Roughness.mat
  artifactKey: Guid(124293ad959b6864d9e330ba29415374) Importer(815301076,1909f56bfc062723c751e8b465ee728b)
Start importing Assets/LowlyPoly/Stylized Grass Texture/Materials/Vol_42_1_Roughness.mat using Guid(124293ad959b6864d9e330ba29415374) Importer(815301076,1909f56bfc062723c751e8b465ee728b)  -> (artifact id: '105d8f40212aff9ab9abb688ad194118') in 0.267922 seconds 
========================================================================
Received Import Request.
  Time since last request: 625.056561 seconds.
  path: Assets/WorldMaterialsFree/Resource Files/HexBricks/HexBricks_AO.png
  artifactKey: Guid(4649392a20f684241bedd6e5f47d1c7f) Importer(815301076,1909f56bfc062723c751e8b465ee728b)
Start importing Assets/WorldMaterialsFree/Resource Files/HexBricks/HexBricks_AO.png using Guid(4649392a20f684241bedd6e5f47d1c7f) Importer(815301076,1909f56bfc062723c751e8b465ee728b)  -> (artifact id: 'dc2999e9f549589aa26d5a72c9a3fbbb') in 0.027024 seconds 
========================================================================
Received Import Request.
  Time since last request: 0.000026 seconds.
  path: Assets/WorldMaterialsFree/Resource Files/HexBricks/HexBricks_normal.png
  artifactKey: Guid(d4f69a826c0a5234cb14cd32957f13b8) Importer(815301076,1909f56bfc062723c751e8b465ee728b)
Start importing Assets/WorldMaterialsFree/Resource Files/HexBricks/HexBricks_normal.png using Guid(d4f69a826c0a5234cb14cd32957f13b8) Importer(815301076,1909f56bfc062723c751e8b465ee728b)  -> (artifact id: '995c945d36dd39620cbd9b293a6fc981') in 0.106018 seconds 
========================================================================
Received Import Request.
  Time since last request: 5.989499 seconds.
  path: Assets/WorldMaterialsFree/Resource Files/PlainFabric/PlainFabric_AO.png
  artifactKey: Guid(f2cd96d15ec35434a9d1a25da2376197) Importer(815301076,1909f56bfc062723c751e8b465ee728b)
Start importing Assets/WorldMaterialsFree/Resource Files/PlainFabric/PlainFabric_AO.png using Guid(f2cd96d15ec35434a9d1a25da2376197) Importer(815301076,1909f56bfc062723c751e8b465ee728b)  -> (artifact id: '812526f9a33b23059de68177e3b063be') in 0.028969 seconds 
========================================================================
Received Import Request.
  Time since last request: 0.000025 seconds.
  path: Assets/WorldMaterialsFree/Resource Files/PlainFabric/PlainFabric_roughness.png
  artifactKey: Guid(abf415518e7643c46b244dcbd4d280a9) Importer(815301076,1909f56bfc062723c751e8b465ee728b)
Start importing Assets/WorldMaterialsFree/Resource Files/PlainFabric/PlainFabric_roughness.png using Guid(abf415518e7643c46b244dcbd4d280a9) Importer(815301076,1909f56bfc062723c751e8b465ee728b)  -> (artifact id: '610043f0bbbf7522cda1f5038ef7d534') in 0.115389 seconds 
========================================================================
Received Import Request.
  Time since last request: 0.000046 seconds.
  path: Assets/WorldMaterialsFree/Resource Files/PlainFabric/PlainFabric_normal.png
  artifactKey: Guid(5f0d63cb1f7202c4db3e8e47008aca06) Importer(815301076,1909f56bfc062723c751e8b465ee728b)
Start importing Assets/WorldMaterialsFree/Resource Files/PlainFabric/PlainFabric_normal.png using Guid(5f0d63cb1f7202c4db3e8e47008aca06) Importer(815301076,1909f56bfc062723c751e8b465ee728b)  -> (artifact id: '96c4aa24583edb34ae52d2cd9cbcd69e') in 0.051957 seconds 
========================================================================
Received Import Request.
  Time since last request: 0.000114 seconds.
  path: Assets/WorldMaterialsFree/Resource Files/PlainFabric/PlainFabric_height.png
  artifactKey: Guid(62996a92e08e62f449da2ef36de6de71) Importer(815301076,1909f56bfc062723c751e8b465ee728b)
Start importing Assets/WorldMaterialsFree/Resource Files/PlainFabric/PlainFabric_height.png using Guid(62996a92e08e62f449da2ef36de6de71) Importer(815301076,1909f56bfc062723c751e8b465ee728b)  -> (artifact id: 'bfae07a84610d136eb7bae66a4b85369') in 0.051928 seconds 
========================================================================
Received Import Request.
  Time since last request: 1.239989 seconds.
  path: Assets/WorldMaterialsFree/Resource Files/RuinStoneBricks/RuinStoneBricks_AO.png
  artifactKey: Guid(38462e489520adb45a64da1bbb4046a1) Importer(815301076,1909f56bfc062723c751e8b465ee728b)
Start importing Assets/WorldMaterialsFree/Resource Files/RuinStoneBricks/RuinStoneBricks_AO.png using Guid(38462e489520adb45a64da1bbb4046a1) Importer(815301076,1909f56bfc062723c751e8b465ee728b)  -> (artifact id: 'ec6a57337115a7527fd9d566e6d18019') in 0.048501 seconds 
========================================================================
Received Import Request.
  Time since last request: 0.000036 seconds.
  path: Assets/WorldMaterialsFree/Resource Files/RuinStoneBricks/RuinStoneBricks_normal.png
  artifactKey: Guid(f7d9f421b54fb5b4f9e8346b078c6b47) Importer(815301076,1909f56bfc062723c751e8b465ee728b)
Start importing Assets/WorldMaterialsFree/Resource Files/RuinStoneBricks/RuinStoneBricks_normal.png using Guid(f7d9f421b54fb5b4f9e8346b078c6b47) Importer(815301076,1909f56bfc062723c751e8b465ee728b)  -> (artifact id: '4f886f42df5858ebce28bde63cad884b') in 0.063312 seconds 
========================================================================
Received Import Request.
  Time since last request: 2.755763 seconds.
  path: Assets/WorldMaterialsFree/Resource Files/SimpleRedBricks/SimpleRedBricks_AO.png
  artifactKey: Guid(becacdba4f01e4140b81a2f0d330b994) Importer(815301076,1909f56bfc062723c751e8b465ee728b)
Start importing Assets/WorldMaterialsFree/Resource Files/SimpleRedBricks/SimpleRedBricks_AO.png using Guid(becacdba4f01e4140b81a2f0d330b994) Importer(815301076,1909f56bfc062723c751e8b465ee728b)  -> (artifact id: '405f91f67abc793e2d07d350bb0c7101') in 0.051467 seconds 
========================================================================
Received Import Request.
  Time since last request: 0.000021 seconds.
  path: Assets/WorldMaterialsFree/Resource Files/SimpleRedBricks/SimpleRedBricks_normal.png
  artifactKey: Guid(86791057ef535404f8a7a60ea2a81d4e) Importer(815301076,1909f56bfc062723c751e8b465ee728b)
Start importing Assets/WorldMaterialsFree/Resource Files/SimpleRedBricks/SimpleRedBricks_normal.png using Guid(86791057ef535404f8a7a60ea2a81d4e) Importer(815301076,1909f56bfc062723c751e8b465ee728b)  -> (artifact id: '00b06933fab42c6aa07ed39090d50196') in 0.067302 seconds 
========================================================================
Received Import Request.
  Time since last request: 0.000032 seconds.
  path: Assets/WorldMaterialsFree/Resource Files/SimpleRedBricks/SimpleRedBricks_roughness.png
  artifactKey: Guid(152eb464a6b34704da15fc721bf15b3b) Importer(815301076,1909f56bfc062723c751e8b465ee728b)
Start importing Assets/WorldMaterialsFree/Resource Files/SimpleRedBricks/SimpleRedBricks_roughness.png using Guid(152eb464a6b34704da15fc721bf15b3b) Importer(815301076,1909f56bfc062723c751e8b465ee728b)  -> (artifact id: 'e3d18643a7b0f947e6389469122b7e56') in 0.040580 seconds 
========================================================================
Received Import Request.
  Time since last request: 0.000043 seconds.
  path: Assets/WorldMaterialsFree/Resource Files/SimpleRedBricks/SimpleRedBricks_Smoothness.png
  artifactKey: Guid(4034baf17b6feb1478ae557e38edd42e) Importer(815301076,1909f56bfc062723c751e8b465ee728b)
Start importing Assets/WorldMaterialsFree/Resource Files/SimpleRedBricks/SimpleRedBricks_Smoothness.png using Guid(4034baf17b6feb1478ae557e38edd42e) Importer(815301076,1909f56bfc062723c751e8b465ee728b)  -> (artifact id: 'f94e5863953165978260f3ffeeaf56e8') in 0.040722 seconds 
========================================================================
Received Import Request.
  Time since last request: 25.818466 seconds.
  path: Assets/WorldMaterialsFree/Resource Files/CoarseConcrete/CoarseConcrete_height.png
  artifactKey: Guid(aa9dea029b072b042bf02fc464e0b12f) Importer(815301076,1909f56bfc062723c751e8b465ee728b)
Start importing Assets/WorldMaterialsFree/Resource Files/CoarseConcrete/CoarseConcrete_height.png using Guid(aa9dea029b072b042bf02fc464e0b12f) Importer(815301076,1909f56bfc062723c751e8b465ee728b)  -> (artifact id: '0c18a83acd46ac446559dcef1f2f0c27') in 0.091929 seconds 
========================================================================
Received Import Request.
  Time since last request: 0.000023 seconds.
  path: Assets/WorldMaterialsFree/Resource Files/CoarseConcrete/CoarseConcrete_normal.png
  artifactKey: Guid(539e779cb2e1e6a43b4d905e45ca9c8e) Importer(815301076,1909f56bfc062723c751e8b465ee728b)
Start importing Assets/WorldMaterialsFree/Resource Files/CoarseConcrete/CoarseConcrete_normal.png using Guid(539e779cb2e1e6a43b4d905e45ca9c8e) Importer(815301076,1909f56bfc062723c751e8b465ee728b)  -> (artifact id: '08e2222b6cab0e5933590a59f553ca93') in 0.076390 seconds 
========================================================================
Received Import Request.
  Time since last request: 0.859871 seconds.
  path: Assets/WorldMaterialsFree/Resource Files/ClumpMud/ClumpMud_Height.png
  artifactKey: Guid(1ec47b3300477f040b5d59f8fc7497dc) Importer(815301076,1909f56bfc062723c751e8b465ee728b)
Start importing Assets/WorldMaterialsFree/Resource Files/ClumpMud/ClumpMud_Height.png using Guid(1ec47b3300477f040b5d59f8fc7497dc) Importer(815301076,1909f56bfc062723c751e8b465ee728b)  -> (artifact id: '6937c5fced0dbb788695c74d5f25bbf8') in 0.050872 seconds 
========================================================================
Received Import Request.
  Time since last request: 0.000022 seconds.
  path: Assets/WorldMaterialsFree/Resource Files/ClumpMud/ClumpMud_YFliped_Normal.png
  artifactKey: Guid(a4a37f7a6ffedc448ad87a9046c1534f) Importer(815301076,1909f56bfc062723c751e8b465ee728b)
Start importing Assets/WorldMaterialsFree/Resource Files/ClumpMud/ClumpMud_YFliped_Normal.png using Guid(a4a37f7a6ffedc448ad87a9046c1534f) Importer(815301076,1909f56bfc062723c751e8b465ee728b)  -> (artifact id: '529b4f46e2ed76e4dca7ca95b067f847') in 0.086536 seconds 
========================================================================
Received Import Request.
  Time since last request: 0.456908 seconds.
  path: Assets/WorldMaterialsFree/Resource Files/BathroomTiles/BathroomTiles_height.png
  artifactKey: Guid(ec44fd46532d5174e8cd2c5a4ee2f280) Importer(815301076,1909f56bfc062723c751e8b465ee728b)
Start importing Assets/WorldMaterialsFree/Resource Files/BathroomTiles/BathroomTiles_height.png using Guid(ec44fd46532d5174e8cd2c5a4ee2f280) Importer(815301076,1909f56bfc062723c751e8b465ee728b)  -> (artifact id: '5e9005498a4c8d1ae67709beb961d468') in 0.111980 seconds 
========================================================================
Received Import Request.
  Time since last request: 0.000024 seconds.
  path: Assets/WorldMaterialsFree/Resource Files/BathroomTiles/BathroomTiles_Roughness.png
  artifactKey: Guid(2e00baf0337133c408ba69ca99b5fe16) Importer(815301076,1909f56bfc062723c751e8b465ee728b)
Start importing Assets/WorldMaterialsFree/Resource Files/BathroomTiles/BathroomTiles_Roughness.png using Guid(2e00baf0337133c408ba69ca99b5fe16) Importer(815301076,1909f56bfc062723c751e8b465ee728b)  -> (artifact id: '88b2405ae9e22ba77d74473f5042584d') in 0.083771 seconds 
========================================================================
Received Import Request.
  Time since last request: 5.538363 seconds.
  path: Assets/WorldMaterialsFree/Resource Files/BasketWeaveBricks/BasketWeaveBricks_Height.png
  artifactKey: Guid(ccdccdad117eec447a3acfc62d7d7630) Importer(815301076,1909f56bfc062723c751e8b465ee728b)
Start importing Assets/WorldMaterialsFree/Resource Files/BasketWeaveBricks/BasketWeaveBricks_Height.png using Guid(ccdccdad117eec447a3acfc62d7d7630) Importer(815301076,1909f56bfc062723c751e8b465ee728b)  -> (artifact id: '8c9ff40a0d9e87968bd586ebd14bbb3d') in 0.147669 seconds 
========================================================================
Received Import Request.
  Time since last request: 0.703976 seconds.
  path: Assets/WorldMaterialsFree/Resource Files/AgedDarkWood/AgedDarkWood_height.png
  artifactKey: Guid(41ee5389a45424b4a80528258a4c236c) Importer(815301076,1909f56bfc062723c751e8b465ee728b)
Start importing Assets/WorldMaterialsFree/Resource Files/AgedDarkWood/AgedDarkWood_height.png using Guid(41ee5389a45424b4a80528258a4c236c) Importer(815301076,1909f56bfc062723c751e8b465ee728b)  -> (artifact id: '7b342e11c9b7ee56cd2bb02555db099f') in 0.104749 seconds 
========================================================================
Received Import Request.
  Time since last request: 0.000021 seconds.
  path: Assets/WorldMaterialsFree/Resource Files/AgedDarkWood/AgedDarkWood_YFliped_Normal.png
  artifactKey: Guid(5c52d08d6728d464e878090e9ea822ad) Importer(815301076,1909f56bfc062723c751e8b465ee728b)
Start importing Assets/WorldMaterialsFree/Resource Files/AgedDarkWood/AgedDarkWood_YFliped_Normal.png using Guid(5c52d08d6728d464e878090e9ea822ad) Importer(815301076,1909f56bfc062723c751e8b465ee728b)  -> (artifact id: 'db6fdd4eba1813fe8a1e69370740818f') in 0.068804 seconds 
========================================================================
Received Import Request.
  Time since last request: 16.314170 seconds.
  path: Assets/WorldMaterialsFree/Resource Files/DesertCliffRock/DesertCliffRock_height.png
  artifactKey: Guid(99cfbf1a17ab2c64188050a1d509d24b) Importer(815301076,1909f56bfc062723c751e8b465ee728b)
Start importing Assets/WorldMaterialsFree/Resource Files/DesertCliffRock/DesertCliffRock_height.png using Guid(99cfbf1a17ab2c64188050a1d509d24b) Importer(815301076,1909f56bfc062723c751e8b465ee728b)  -> (artifact id: '90605f7fb01e8204dc667822d5597bf7') in 0.086112 seconds 
========================================================================
Received Import Request.
  Time since last request: 0.000016 seconds.
  path: Assets/WorldMaterialsFree/Resource Files/DesertCliffRock/DesertCliffRock_roughness.png
  artifactKey: Guid(8a43d49b2d423ca43b66c224d8f108d1) Importer(815301076,1909f56bfc062723c751e8b465ee728b)
Start importing Assets/WorldMaterialsFree/Resource Files/DesertCliffRock/DesertCliffRock_roughness.png using Guid(8a43d49b2d423ca43b66c224d8f108d1) Importer(815301076,1909f56bfc062723c751e8b465ee728b)  -> (artifact id: '5672dc9caf1dc430d3277b417c7ddb09') in 0.076543 seconds 
========================================================================
Received Import Request.
  Time since last request: 1.066641 seconds.
  path: Assets/WorldMaterialsFree/Resource Files/DesertSandBrick/DesertSandBricks_height.png
  artifactKey: Guid(30b8291384f7e02419ca3179c716dec2) Importer(815301076,1909f56bfc062723c751e8b465ee728b)
Start importing Assets/WorldMaterialsFree/Resource Files/DesertSandBrick/DesertSandBricks_height.png using Guid(30b8291384f7e02419ca3179c716dec2) Importer(815301076,1909f56bfc062723c751e8b465ee728b)  -> (artifact id: '54c5e7ef68f079e403ab4a79c05cb2ca') in 0.023549 seconds 
========================================================================
Received Import Request.
  Time since last request: 0.000026 seconds.
  path: Assets/WorldMaterialsFree/Resource Files/DesertSandBrick/DesertSandBricks_YFliped_Normal.png
  artifactKey: Guid(db261c095f99c104aaf9df8823505787) Importer(815301076,1909f56bfc062723c751e8b465ee728b)
Start importing Assets/WorldMaterialsFree/Resource Files/DesertSandBrick/DesertSandBricks_YFliped_Normal.png using Guid(db261c095f99c104aaf9df8823505787) Importer(815301076,1909f56bfc062723c751e8b465ee728b)  -> (artifact id: 'e8591829a2d3b94dc5d0afbce9020688') in 0.056980 seconds 
========================================================================
Received Import Request.
  Time since last request: 0.000038 seconds.
  path: Assets/WorldMaterialsFree/Resource Files/DesertSandBrick/DesertSandBricks_normal.png
  artifactKey: Guid(9aadb6fe23a7254408035437838d84f8) Importer(815301076,1909f56bfc062723c751e8b465ee728b)
Start importing Assets/WorldMaterialsFree/Resource Files/DesertSandBrick/DesertSandBricks_normal.png using Guid(9aadb6fe23a7254408035437838d84f8) Importer(815301076,1909f56bfc062723c751e8b465ee728b)  -> (artifact id: '9d7f11f4cfa769db114b7a883671fc38') in 0.075714 seconds 
========================================================================
Received Import Request.
  Time since last request: 0.535430 seconds.
  path: Assets/WorldMaterialsFree/Resource Files/GrassClumps/GrassClumps_height.png
  artifactKey: Guid(75aa83e701cf56948b1bf72f7e128920) Importer(815301076,1909f56bfc062723c751e8b465ee728b)
Start importing Assets/WorldMaterialsFree/Resource Files/GrassClumps/GrassClumps_height.png using Guid(75aa83e701cf56948b1bf72f7e128920) Importer(815301076,1909f56bfc062723c751e8b465ee728b)  -> (artifact id: '75766c1b6fac9eaa1f74f41793a9a9d7') in 0.051728 seconds 
========================================================================
Received Import Request.
  Time since last request: 0.000018 seconds.
  path: Assets/WorldMaterialsFree/Resource Files/GrassClumps/GrassClumps_normal.png
  artifactKey: Guid(94f1b3e664544014b883305acee2bff8) Importer(815301076,1909f56bfc062723c751e8b465ee728b)
Start importing Assets/WorldMaterialsFree/Resource Files/GrassClumps/GrassClumps_normal.png using Guid(94f1b3e664544014b883305acee2bff8) Importer(815301076,1909f56bfc062723c751e8b465ee728b)  -> (artifact id: 'd87a8503b821860aa6ffb2e88d024de5') in 0.075923 seconds 
========================================================================
Received Import Request.
  Time since last request: 0.503067 seconds.
  path: Assets/WorldMaterialsFree/Resource Files/GrassGravel/GrassGravel_height.png
  artifactKey: Guid(c58babe44f8c3b041872e30e0f504583) Importer(815301076,1909f56bfc062723c751e8b465ee728b)
Start importing Assets/WorldMaterialsFree/Resource Files/GrassGravel/GrassGravel_height.png using Guid(c58babe44f8c3b041872e30e0f504583) Importer(815301076,1909f56bfc062723c751e8b465ee728b)  -> (artifact id: 'f88426eef579aa63b2b40c60531850d6') in 0.050236 seconds 
========================================================================
Received Import Request.
  Time since last request: 0.000020 seconds.
  path: Assets/WorldMaterialsFree/Resource Files/GrassGravel/GrassGravel_smoothness.png
  artifactKey: Guid(e7bf3a264550fdb4e8e12ff1a8033209) Importer(815301076,1909f56bfc062723c751e8b465ee728b)
Start importing Assets/WorldMaterialsFree/Resource Files/GrassGravel/GrassGravel_smoothness.png using Guid(e7bf3a264550fdb4e8e12ff1a8033209) Importer(815301076,1909f56bfc062723c751e8b465ee728b)  -> (artifact id: '165a28185590c5b1e4c5673db81ebece') in 0.076136 seconds 
========================================================================
Received Import Request.
  Time since last request: 0.000046 seconds.
  path: Assets/WorldMaterialsFree/Resource Files/GrassGravel/GrassGravel_normal.png
  artifactKey: Guid(ffb1ec4f6f1b66b44a452109100a2a5a) Importer(815301076,1909f56bfc062723c751e8b465ee728b)
Start importing Assets/WorldMaterialsFree/Resource Files/GrassGravel/GrassGravel_normal.png using Guid(ffb1ec4f6f1b66b44a452109100a2a5a) Importer(815301076,1909f56bfc062723c751e8b465ee728b)  -> (artifact id: 'dd376725f21df68769d2a6769f81f41a') in 0.094136 seconds 
========================================================================
Received Import Request.
  Time since last request: 0.306399 seconds.
  path: Assets/WorldMaterialsFree/Resource Files/PebbledGravel/PebbledGravel_height.png
  artifactKey: Guid(b008c37730af1ae4fa7faad8c6dffbca) Importer(815301076,1909f56bfc062723c751e8b465ee728b)
Start importing Assets/WorldMaterialsFree/Resource Files/PebbledGravel/PebbledGravel_height.png using Guid(b008c37730af1ae4fa7faad8c6dffbca) Importer(815301076,1909f56bfc062723c751e8b465ee728b)  -> (artifact id: 'fc2cec8268b07fc41ed1ccda81b89aad') in 0.104777 seconds 
========================================================================
Received Import Request.
  Time since last request: 0.000020 seconds.
  path: Assets/WorldMaterialsFree/Resource Files/PebbledGravel/PebbledGravel_roughness.png
  artifactKey: Guid(0a3b136fa9127b6428344bfdfa8be4c6) Importer(815301076,1909f56bfc062723c751e8b465ee728b)
Start importing Assets/WorldMaterialsFree/Resource Files/PebbledGravel/PebbledGravel_roughness.png using Guid(0a3b136fa9127b6428344bfdfa8be4c6) Importer(815301076,1909f56bfc062723c751e8b465ee728b)  -> (artifact id: '0888c5a8f81839496bf6376a421dbc48') in 0.073876 seconds 
========================================================================
Received Import Request.
  Time since last request: 4.844110 seconds.
  path: Assets/WorldMaterialsFree/Resource Files/WavySand/WavySand_height.png
  artifactKey: Guid(c75f44c256843364ab15efa43a7ca831) Importer(815301076,1909f56bfc062723c751e8b465ee728b)
Start importing Assets/WorldMaterialsFree/Resource Files/WavySand/WavySand_height.png using Guid(c75f44c256843364ab15efa43a7ca831) Importer(815301076,1909f56bfc062723c751e8b465ee728b)  -> (artifact id: 'ab975e028c7addef4ecae5a8898aeb56') in 0.127016 seconds 
========================================================================
Received Import Request.
  Time since last request: 0.000024 seconds.
  path: Assets/WorldMaterialsFree/Resource Files/WavySand/WavySand_normal.png
  artifactKey: Guid(65f20b9071dc6d940a8ca40331d556f7) Importer(815301076,1909f56bfc062723c751e8b465ee728b)
Start importing Assets/WorldMaterialsFree/Resource Files/WavySand/WavySand_normal.png using Guid(65f20b9071dc6d940a8ca40331d556f7) Importer(815301076,1909f56bfc062723c751e8b465ee728b)  -> (artifact id: '12495dc658d09d5c58635f94c2aefbc7') in 0.027013 seconds 
========================================================================
Received Import Request.
  Time since last request: 0.365263 seconds.
  path: Assets/WorldMaterialsFree/Resource Files/WoodenFlooring/WoodenFlooring_Height.png
  artifactKey: Guid(c2aad0ca3f333cd46ae70f27cdbbfefb) Importer(815301076,1909f56bfc062723c751e8b465ee728b)
Start importing Assets/WorldMaterialsFree/Resource Files/WoodenFlooring/WoodenFlooring_Height.png using Guid(c2aad0ca3f333cd46ae70f27cdbbfefb) Importer(815301076,1909f56bfc062723c751e8b465ee728b)  -> (artifact id: '19ef2ca4e238e691caf2aad1f6e3a800') in 0.047735 seconds 
========================================================================
Received Import Request.
  Time since last request: 0.000068 seconds.
  path: Assets/WorldMaterialsFree/Resource Files/WoodenFlooring/WoodenFlooring_Smoothness.png
  artifactKey: Guid(671ffec92ccdc454bb4a1962709fdcf2) Importer(815301076,1909f56bfc062723c751e8b465ee728b)
Start importing Assets/WorldMaterialsFree/Resource Files/WoodenFlooring/WoodenFlooring_Smoothness.png using Guid(671ffec92ccdc454bb4a1962709fdcf2) Importer(815301076,1909f56bfc062723c751e8b465ee728b)  -> (artifact id: 'caeb119bc339d859579256d125b3cd78') in 0.075337 seconds 
Editor requested this worker to shutdown with reason: Scaling down because of idle timeout
AssetImportWorker is now disconnected from the server
Process exiting
Exiting without the bug reporter. Application will terminate with return code 0